<?xml version="1.0" encoding="UTF-8"?>
<testng-results skipped="0" failed="0" ignored="0" total="0" passed="0">
  <reporter-output>
  </reporter-output>
  <suite name="Default suite" duration-ms="336" started-at="2020-09-20T14:16:07Z" finished-at="2020-09-20T14:16:07Z">
    <groups>
      <group name="cucumber">
        <method signature="AbstractTestNGCucumberTests.runScenario(io.cucumber.testng.PickleWrapper, io.cucumber.testng.FeatureWrapper)[pri:0, instance:cucumber.Runner.testRunnerTestNg@3159c4b8]" name="runScenario" class="io.cucumber.testng.AbstractTestNGCucumberTests"/>
      </group> <!-- cucumber -->
    </groups>
    <test name="Default test" duration-ms="336" started-at="2020-09-20T14:16:07Z" finished-at="2020-09-20T14:16:07Z">
      <class name="cucumber.Runner.testRunnerTestNg">
        <test-method status="PASS" signature="setUpClass()[pri:0, instance:cucumber.Runner.testRunnerTestNg@3159c4b8]" name="setUpClass" is-config="true" duration-ms="304" started-at="2020-09-20T14:16:07Z" finished-at="2020-09-20T14:16:07Z">
          <reporter-output>
          </reporter-output>
        </test-method> <!-- setUpClass -->
        <test-method status="PASS" signature="tearDownClass()[pri:0, instance:cucumber.Runner.testRunnerTestNg@3159c4b8]" name="tearDownClass" is-config="true" duration-ms="6" started-at="2020-09-20T14:16:07Z" finished-at="2020-09-20T14:16:07Z">
          <reporter-output>
          </reporter-output>
        </test-method> <!-- tearDownClass -->
      </class> <!-- cucumber.Runner.testRunnerTestNg -->
    </test> <!-- Default test -->
  </suite> <!-- Default suite -->
</testng-results>
